16:45:30 INFO  : Registering command handlers for SDK TCF services
16:45:31 INFO  : Launching XSCT server: xsct -n -interactive /home/guy/Documents/NetBarry/NetBarry/NetBarry/NetBarry.sdk/temp_xsdb_launch_script.tcl
16:45:33 INFO  : XSCT server has started successfully.
16:45:33 INFO  : Successfully done setting XSCT server connection channel  
16:45:33 INFO  : Successfully done setting SDK workspace  
16:45:33 INFO  : Processing command line option -hwspec /home/guy/Documents/NetBarry/NetBarry/NetBarry/NetBarry.sdk/netbarry_fpga_wrapper.hdf.
16:52:20 INFO  : Connected to target on host '127.0.0.1' and port '3121'.
16:52:20 INFO  : 'targets -set -filter {jtag_cable_name =~ "Digilent Zed 210248AA3B09" && level==0} -index 1' command is executed.
16:52:22 INFO  : FPGA configured successfully with bitstream "/home/guy/Documents/NetBarry/NetBarry/NetBarry/NetBarry.sdk/netbarry_fpga_wrapper_hw_platform_0/netbarry_fpga_wrapper.bit"
16:53:01 INFO  : 'targets -set -filter {jtag_cable_name =~ "Digilent Zed 210248AA3B09" && level==0} -index 1' command is executed.
16:53:01 INFO  : 'fpga -state' command is executed.
16:53:01 INFO  : Connected to target on host '127.0.0.1' and port '3121'.
16:53:01 INFO  : Jtag cable 'Digilent Zed 210248AA3B09' is selected.
16:53:01 INFO  : 'jtag frequency' command is executed.
16:53:01 INFO  : Sourcing of '/home/guy/Documents/NetBarry/NetBarry/NetBarry/NetBarry.sdk/netbarry_fpga_wrapper_hw_platform_0/ps7_init.tcl' is done.
16:53:01 INFO  : Context for 'APU' is selected.
16:53:01 INFO  : Hardware design information is loaded from '/home/guy/Documents/NetBarry/NetBarry/NetBarry/NetBarry.sdk/netbarry_fpga_wrapper_hw_platform_0/system.hdf'.
16:53:01 INFO  : 'configparams force-mem-access 1' command is executed.
16:53:01 INFO  : Context for 'APU' is selected.
16:53:01 INFO  : 'stop' command is executed.
16:53:02 INFO  : 'ps7_init' command is executed.
16:53:02 INFO  : 'ps7_post_config' command is executed.
16:53:02 INFO  : Context for processor 'ps7_cortexa9_0' is selected.
16:53:02 INFO  : Processor reset is completed for 'ps7_cortexa9_0'.
16:53:02 INFO  : Context for processor 'ps7_cortexa9_0' is selected.
16:53:02 INFO  : The application '/home/guy/Documents/NetBarry/NetBarry/NetBarry/NetBarry.sdk/NetBarry_HelloWorld/Debug/NetBarry_HelloWorld.elf' is downloaded to processor 'ps7_cortexa9_0'.
16:53:02 INFO  : 'configparams force-mem-access 0' command is executed.
16:53:02 INFO  : ----------------XSDB Script----------------
connect -url tcp:127.0.0.1:3121
source /home/guy/Documents/NetBarry/NetBarry/NetBarry/NetBarry.sdk/netbarry_fpga_wrapper_hw_platform_0/ps7_init.tcl
targets -set -nocase -filter {name =~"APU*" && jtag_cable_name =~ "Digilent Zed 210248AA3B09"} -index 0
loadhw -hw /home/guy/Documents/NetBarry/NetBarry/NetBarry/NetBarry.sdk/netbarry_fpga_wrapper_hw_platform_0/system.hdf -mem-ranges [list {0x40000000 0xbfffffff}]
configparams force-mem-access 1
targets -set -nocase -filter {name =~"APU*" && jtag_cable_name =~ "Digilent Zed 210248AA3B09"} -index 0
stop
ps7_init
ps7_post_config
targets -set -nocase -filter {name =~ "ARM*#0" && jtag_cable_name =~ "Digilent Zed 210248AA3B09"} -index 0
rst -processor
targets -set -nocase -filter {name =~ "ARM*#0" && jtag_cable_name =~ "Digilent Zed 210248AA3B09"} -index 0
dow /home/guy/Documents/NetBarry/NetBarry/NetBarry/NetBarry.sdk/NetBarry_HelloWorld/Debug/NetBarry_HelloWorld.elf
configparams force-mem-access 0
----------------End of Script----------------

16:53:02 INFO  : Context for processor 'ps7_cortexa9_0' is selected.
16:53:02 INFO  : 'con' command is executed.
16:53:02 INFO  : ----------------XSDB Script (After Launch)----------------
targets -set -nocase -filter {name =~ "ARM*#0" && jtag_cable_name =~ "Digilent Zed 210248AA3B09"} -index 0
con
----------------End of Script----------------

16:53:02 INFO  : Disconnected from the channel tcfchan#1.
16:53:42 INFO  : 'targets -set -filter {jtag_cable_name =~ "Digilent Zed 210248AA3B09" && level==0} -index 1' command is executed.
16:53:42 INFO  : 'fpga -state' command is executed.
16:53:42 INFO  : Connected to target on host '127.0.0.1' and port '3121'.
16:53:42 INFO  : Jtag cable 'Digilent Zed 210248AA3B09' is selected.
16:53:42 INFO  : 'jtag frequency' command is executed.
16:53:42 INFO  : Sourcing of '/home/guy/Documents/NetBarry/NetBarry/NetBarry/NetBarry.sdk/netbarry_fpga_wrapper_hw_platform_0/ps7_init.tcl' is done.
16:53:42 INFO  : Context for 'APU' is selected.
16:53:42 INFO  : Hardware design information is loaded from '/home/guy/Documents/NetBarry/NetBarry/NetBarry/NetBarry.sdk/netbarry_fpga_wrapper_hw_platform_0/system.hdf'.
16:53:42 INFO  : 'configparams force-mem-access 1' command is executed.
16:53:42 INFO  : Context for 'APU' is selected.
16:53:42 INFO  : 'stop' command is executed.
16:53:43 INFO  : 'ps7_init' command is executed.
16:53:43 INFO  : 'ps7_post_config' command is executed.
16:53:43 INFO  : Context for processor 'ps7_cortexa9_0' is selected.
16:53:43 INFO  : Processor reset is completed for 'ps7_cortexa9_0'.
16:53:43 INFO  : Context for processor 'ps7_cortexa9_0' is selected.
16:53:43 INFO  : The application '/home/guy/Documents/NetBarry/NetBarry/NetBarry/NetBarry.sdk/NetBarry_HelloWorld/Debug/NetBarry_HelloWorld.elf' is downloaded to processor 'ps7_cortexa9_0'.
16:53:43 INFO  : 'configparams force-mem-access 0' command is executed.
16:53:43 INFO  : ----------------XSDB Script----------------
connect -url tcp:127.0.0.1:3121
source /home/guy/Documents/NetBarry/NetBarry/NetBarry/NetBarry.sdk/netbarry_fpga_wrapper_hw_platform_0/ps7_init.tcl
targets -set -nocase -filter {name =~"APU*" && jtag_cable_name =~ "Digilent Zed 210248AA3B09"} -index 0
loadhw -hw /home/guy/Documents/NetBarry/NetBarry/NetBarry/NetBarry.sdk/netbarry_fpga_wrapper_hw_platform_0/system.hdf -mem-ranges [list {0x40000000 0xbfffffff}]
configparams force-mem-access 1
targets -set -nocase -filter {name =~"APU*" && jtag_cable_name =~ "Digilent Zed 210248AA3B09"} -index 0
stop
ps7_init
ps7_post_config
targets -set -nocase -filter {name =~ "ARM*#0" && jtag_cable_name =~ "Digilent Zed 210248AA3B09"} -index 0
rst -processor
targets -set -nocase -filter {name =~ "ARM*#0" && jtag_cable_name =~ "Digilent Zed 210248AA3B09"} -index 0
dow /home/guy/Documents/NetBarry/NetBarry/NetBarry/NetBarry.sdk/NetBarry_HelloWorld/Debug/NetBarry_HelloWorld.elf
configparams force-mem-access 0
----------------End of Script----------------

16:53:43 INFO  : Context for processor 'ps7_cortexa9_0' is selected.
16:53:43 INFO  : 'con' command is executed.
16:53:43 INFO  : ----------------XSDB Script (After Launch)----------------
targets -set -nocase -filter {name =~ "ARM*#0" && jtag_cable_name =~ "Digilent Zed 210248AA3B09"} -index 0
con
----------------End of Script----------------

16:53:43 INFO  : Disconnected from the channel tcfchan#2.
16:53:55 INFO  : 'targets -set -filter {jtag_cable_name =~ "Digilent Zed 210248AA3B09" && level==0} -index 1' command is executed.
16:53:55 INFO  : 'fpga -state' command is executed.
16:53:55 INFO  : Connected to target on host '127.0.0.1' and port '3121'.
16:53:55 INFO  : Jtag cable 'Digilent Zed 210248AA3B09' is selected.
16:53:55 INFO  : 'jtag frequency' command is executed.
16:53:55 INFO  : Sourcing of '/home/guy/Documents/NetBarry/NetBarry/NetBarry/NetBarry.sdk/netbarry_fpga_wrapper_hw_platform_0/ps7_init.tcl' is done.
16:53:55 INFO  : Context for 'APU' is selected.
16:53:55 INFO  : Hardware design information is loaded from '/home/guy/Documents/NetBarry/NetBarry/NetBarry/NetBarry.sdk/netbarry_fpga_wrapper_hw_platform_0/system.hdf'.
16:53:55 INFO  : 'configparams force-mem-access 1' command is executed.
16:53:55 INFO  : Context for 'APU' is selected.
16:53:55 INFO  : 'stop' command is executed.
16:53:56 INFO  : 'ps7_init' command is executed.
16:53:56 INFO  : 'ps7_post_config' command is executed.
16:53:56 INFO  : Context for processor 'ps7_cortexa9_0' is selected.
16:53:56 INFO  : Processor reset is completed for 'ps7_cortexa9_0'.
16:53:56 INFO  : Context for processor 'ps7_cortexa9_0' is selected.
16:53:56 INFO  : The application '/home/guy/Documents/NetBarry/NetBarry/NetBarry/NetBarry.sdk/NetBarry_HelloWorld/Debug/NetBarry_HelloWorld.elf' is downloaded to processor 'ps7_cortexa9_0'.
16:53:56 INFO  : 'configparams force-mem-access 0' command is executed.
16:53:56 INFO  : ----------------XSDB Script----------------
connect -url tcp:127.0.0.1:3121
source /home/guy/Documents/NetBarry/NetBarry/NetBarry/NetBarry.sdk/netbarry_fpga_wrapper_hw_platform_0/ps7_init.tcl
targets -set -nocase -filter {name =~"APU*" && jtag_cable_name =~ "Digilent Zed 210248AA3B09"} -index 0
loadhw -hw /home/guy/Documents/NetBarry/NetBarry/NetBarry/NetBarry.sdk/netbarry_fpga_wrapper_hw_platform_0/system.hdf -mem-ranges [list {0x40000000 0xbfffffff}]
configparams force-mem-access 1
targets -set -nocase -filter {name =~"APU*" && jtag_cable_name =~ "Digilent Zed 210248AA3B09"} -index 0
stop
ps7_init
ps7_post_config
targets -set -nocase -filter {name =~ "ARM*#0" && jtag_cable_name =~ "Digilent Zed 210248AA3B09"} -index 0
rst -processor
targets -set -nocase -filter {name =~ "ARM*#0" && jtag_cable_name =~ "Digilent Zed 210248AA3B09"} -index 0
dow /home/guy/Documents/NetBarry/NetBarry/NetBarry/NetBarry.sdk/NetBarry_HelloWorld/Debug/NetBarry_HelloWorld.elf
configparams force-mem-access 0
----------------End of Script----------------

16:53:56 INFO  : Context for processor 'ps7_cortexa9_0' is selected.
16:53:56 INFO  : 'con' command is executed.
16:53:56 INFO  : ----------------XSDB Script (After Launch)----------------
targets -set -nocase -filter {name =~ "ARM*#0" && jtag_cable_name =~ "Digilent Zed 210248AA3B09"} -index 0
con
----------------End of Script----------------

16:53:56 INFO  : Disconnected from the channel tcfchan#3.
16:54:32 INFO  : 'targets -set -filter {jtag_cable_name =~ "Digilent Zed 210248AA3B09" && level==0} -index 1' command is executed.
16:54:32 INFO  : 'fpga -state' command is executed.
16:54:32 INFO  : Connected to target on host '127.0.0.1' and port '3121'.
16:54:32 INFO  : Jtag cable 'Digilent Zed 210248AA3B09' is selected.
16:54:32 INFO  : 'jtag frequency' command is executed.
16:54:32 INFO  : Sourcing of '/home/guy/Documents/NetBarry/NetBarry/NetBarry/NetBarry.sdk/netbarry_fpga_wrapper_hw_platform_0/ps7_init.tcl' is done.
16:54:32 INFO  : Context for 'APU' is selected.
16:54:32 INFO  : Hardware design information is loaded from '/home/guy/Documents/NetBarry/NetBarry/NetBarry/NetBarry.sdk/netbarry_fpga_wrapper_hw_platform_0/system.hdf'.
16:54:32 INFO  : 'configparams force-mem-access 1' command is executed.
16:54:32 INFO  : Context for 'APU' is selected.
16:54:32 INFO  : 'stop' command is executed.
16:54:33 INFO  : 'ps7_init' command is executed.
16:54:33 INFO  : 'ps7_post_config' command is executed.
16:54:33 INFO  : Context for processor 'ps7_cortexa9_0' is selected.
16:54:33 INFO  : Processor reset is completed for 'ps7_cortexa9_0'.
16:54:33 INFO  : Context for processor 'ps7_cortexa9_0' is selected.
16:54:33 INFO  : The application '/home/guy/Documents/NetBarry/NetBarry/NetBarry/NetBarry.sdk/NetBarry_HelloWorld/Debug/NetBarry_HelloWorld.elf' is downloaded to processor 'ps7_cortexa9_0'.
16:54:33 INFO  : 'configparams force-mem-access 0' command is executed.
16:54:33 INFO  : ----------------XSDB Script----------------
connect -url tcp:127.0.0.1:3121
source /home/guy/Documents/NetBarry/NetBarry/NetBarry/NetBarry.sdk/netbarry_fpga_wrapper_hw_platform_0/ps7_init.tcl
targets -set -nocase -filter {name =~"APU*" && jtag_cable_name =~ "Digilent Zed 210248AA3B09"} -index 0
loadhw -hw /home/guy/Documents/NetBarry/NetBarry/NetBarry/NetBarry.sdk/netbarry_fpga_wrapper_hw_platform_0/system.hdf -mem-ranges [list {0x40000000 0xbfffffff}]
configparams force-mem-access 1
targets -set -nocase -filter {name =~"APU*" && jtag_cable_name =~ "Digilent Zed 210248AA3B09"} -index 0
stop
ps7_init
ps7_post_config
targets -set -nocase -filter {name =~ "ARM*#0" && jtag_cable_name =~ "Digilent Zed 210248AA3B09"} -index 0
rst -processor
targets -set -nocase -filter {name =~ "ARM*#0" && jtag_cable_name =~ "Digilent Zed 210248AA3B09"} -index 0
dow /home/guy/Documents/NetBarry/NetBarry/NetBarry/NetBarry.sdk/NetBarry_HelloWorld/Debug/NetBarry_HelloWorld.elf
configparams force-mem-access 0
----------------End of Script----------------

16:54:33 INFO  : Context for processor 'ps7_cortexa9_0' is selected.
16:54:33 INFO  : 'con' command is executed.
16:54:33 INFO  : ----------------XSDB Script (After Launch)----------------
targets -set -nocase -filter {name =~ "ARM*#0" && jtag_cable_name =~ "Digilent Zed 210248AA3B09"} -index 0
con
----------------End of Script----------------

16:54:33 INFO  : Disconnected from the channel tcfchan#4.
16:58:55 INFO  : 'targets -set -filter {jtag_cable_name =~ "Digilent Zed 210248AA3B09" && level==0} -index 1' command is executed.
16:58:55 INFO  : 'fpga -state' command is executed.
16:58:55 INFO  : Connected to target on host '127.0.0.1' and port '3121'.
16:58:55 INFO  : Jtag cable 'Digilent Zed 210248AA3B09' is selected.
16:58:55 INFO  : 'jtag frequency' command is executed.
16:58:55 INFO  : Sourcing of '/home/guy/Documents/NetBarry/NetBarry/NetBarry/NetBarry.sdk/netbarry_fpga_wrapper_hw_platform_0/ps7_init.tcl' is done.
16:58:55 INFO  : Context for 'APU' is selected.
16:58:55 INFO  : Hardware design information is loaded from '/home/guy/Documents/NetBarry/NetBarry/NetBarry/NetBarry.sdk/netbarry_fpga_wrapper_hw_platform_0/system.hdf'.
16:58:55 INFO  : 'configparams force-mem-access 1' command is executed.
16:58:55 INFO  : Context for 'APU' is selected.
16:58:55 INFO  : 'stop' command is executed.
16:58:56 INFO  : 'ps7_init' command is executed.
16:58:56 INFO  : 'ps7_post_config' command is executed.
16:58:56 INFO  : Context for processor 'ps7_cortexa9_0' is selected.
16:58:56 INFO  : Processor reset is completed for 'ps7_cortexa9_0'.
16:58:56 INFO  : Context for processor 'ps7_cortexa9_0' is selected.
16:58:56 INFO  : The application '/home/guy/Documents/NetBarry/NetBarry/NetBarry/NetBarry.sdk/NetBarry_HelloWorld/Debug/NetBarry_HelloWorld.elf' is downloaded to processor 'ps7_cortexa9_0'.
16:58:56 INFO  : 'configparams force-mem-access 0' command is executed.
16:58:56 INFO  : ----------------XSDB Script----------------
connect -url tcp:127.0.0.1:3121
source /home/guy/Documents/NetBarry/NetBarry/NetBarry/NetBarry.sdk/netbarry_fpga_wrapper_hw_platform_0/ps7_init.tcl
targets -set -nocase -filter {name =~"APU*" && jtag_cable_name =~ "Digilent Zed 210248AA3B09"} -index 0
loadhw -hw /home/guy/Documents/NetBarry/NetBarry/NetBarry/NetBarry.sdk/netbarry_fpga_wrapper_hw_platform_0/system.hdf -mem-ranges [list {0x40000000 0xbfffffff}]
configparams force-mem-access 1
targets -set -nocase -filter {name =~"APU*" && jtag_cable_name =~ "Digilent Zed 210248AA3B09"} -index 0
stop
ps7_init
ps7_post_config
targets -set -nocase -filter {name =~ "ARM*#0" && jtag_cable_name =~ "Digilent Zed 210248AA3B09"} -index 0
rst -processor
targets -set -nocase -filter {name =~ "ARM*#0" && jtag_cable_name =~ "Digilent Zed 210248AA3B09"} -index 0
dow /home/guy/Documents/NetBarry/NetBarry/NetBarry/NetBarry.sdk/NetBarry_HelloWorld/Debug/NetBarry_HelloWorld.elf
configparams force-mem-access 0
----------------End of Script----------------

16:58:56 INFO  : Context for processor 'ps7_cortexa9_0' is selected.
16:58:56 INFO  : 'con' command is executed.
16:58:56 INFO  : ----------------XSDB Script (After Launch)----------------
targets -set -nocase -filter {name =~ "ARM*#0" && jtag_cable_name =~ "Digilent Zed 210248AA3B09"} -index 0
con
----------------End of Script----------------

16:58:56 INFO  : Disconnected from the channel tcfchan#5.
16:59:15 INFO  : 'targets -set -filter {jtag_cable_name =~ "Digilent Zed 210248AA3B09" && level==0} -index 1' command is executed.
16:59:15 INFO  : 'fpga -state' command is executed.
16:59:15 INFO  : Connected to target on host '127.0.0.1' and port '3121'.
16:59:15 INFO  : Jtag cable 'Digilent Zed 210248AA3B09' is selected.
16:59:15 INFO  : 'jtag frequency' command is executed.
16:59:15 INFO  : Sourcing of '/home/guy/Documents/NetBarry/NetBarry/NetBarry/NetBarry.sdk/netbarry_fpga_wrapper_hw_platform_0/ps7_init.tcl' is done.
16:59:15 INFO  : Context for 'APU' is selected.
16:59:15 INFO  : Hardware design information is loaded from '/home/guy/Documents/NetBarry/NetBarry/NetBarry/NetBarry.sdk/netbarry_fpga_wrapper_hw_platform_0/system.hdf'.
16:59:15 INFO  : 'configparams force-mem-access 1' command is executed.
16:59:15 INFO  : Context for 'APU' is selected.
16:59:15 INFO  : 'stop' command is executed.
16:59:15 INFO  : 'ps7_init' command is executed.
16:59:15 INFO  : 'ps7_post_config' command is executed.
16:59:15 INFO  : Context for processor 'ps7_cortexa9_0' is selected.
16:59:15 INFO  : Processor reset is completed for 'ps7_cortexa9_0'.
16:59:15 INFO  : Context for processor 'ps7_cortexa9_0' is selected.
16:59:16 INFO  : The application '/home/guy/Documents/NetBarry/NetBarry/NetBarry/NetBarry.sdk/NetBarry_HelloWorld/Debug/NetBarry_HelloWorld.elf' is downloaded to processor 'ps7_cortexa9_0'.
16:59:16 INFO  : 'configparams force-mem-access 0' command is executed.
16:59:16 INFO  : ----------------XSDB Script----------------
connect -url tcp:127.0.0.1:3121
source /home/guy/Documents/NetBarry/NetBarry/NetBarry/NetBarry.sdk/netbarry_fpga_wrapper_hw_platform_0/ps7_init.tcl
targets -set -nocase -filter {name =~"APU*" && jtag_cable_name =~ "Digilent Zed 210248AA3B09"} -index 0
loadhw -hw /home/guy/Documents/NetBarry/NetBarry/NetBarry/NetBarry.sdk/netbarry_fpga_wrapper_hw_platform_0/system.hdf -mem-ranges [list {0x40000000 0xbfffffff}]
configparams force-mem-access 1
targets -set -nocase -filter {name =~"APU*" && jtag_cable_name =~ "Digilent Zed 210248AA3B09"} -index 0
stop
ps7_init
ps7_post_config
targets -set -nocase -filter {name =~ "ARM*#0" && jtag_cable_name =~ "Digilent Zed 210248AA3B09"} -index 0
rst -processor
targets -set -nocase -filter {name =~ "ARM*#0" && jtag_cable_name =~ "Digilent Zed 210248AA3B09"} -index 0
dow /home/guy/Documents/NetBarry/NetBarry/NetBarry/NetBarry.sdk/NetBarry_HelloWorld/Debug/NetBarry_HelloWorld.elf
configparams force-mem-access 0
----------------End of Script----------------

16:59:16 INFO  : Context for processor 'ps7_cortexa9_0' is selected.
16:59:16 INFO  : 'con' command is executed.
16:59:16 INFO  : ----------------XSDB Script (After Launch)----------------
targets -set -nocase -filter {name =~ "ARM*#0" && jtag_cable_name =~ "Digilent Zed 210248AA3B09"} -index 0
con
----------------End of Script----------------

16:59:16 INFO  : Disconnected from the channel tcfchan#6.
17:00:31 INFO  : 'targets -set -filter {jtag_cable_name =~ "Digilent Zed 210248AA3B09" && level==0} -index 1' command is executed.
17:00:31 INFO  : 'fpga -state' command is executed.
17:00:31 INFO  : Connected to target on host '127.0.0.1' and port '3121'.
17:00:31 INFO  : Jtag cable 'Digilent Zed 210248AA3B09' is selected.
17:00:31 INFO  : 'jtag frequency' command is executed.
17:00:31 INFO  : Sourcing of '/home/guy/Documents/NetBarry/NetBarry/NetBarry/NetBarry.sdk/netbarry_fpga_wrapper_hw_platform_0/ps7_init.tcl' is done.
17:00:31 INFO  : Context for 'APU' is selected.
17:00:31 INFO  : Hardware design information is loaded from '/home/guy/Documents/NetBarry/NetBarry/NetBarry/NetBarry.sdk/netbarry_fpga_wrapper_hw_platform_0/system.hdf'.
17:00:31 INFO  : 'configparams force-mem-access 1' command is executed.
17:00:31 INFO  : Context for 'APU' is selected.
17:00:31 INFO  : 'stop' command is executed.
17:00:31 INFO  : 'ps7_init' command is executed.
17:00:31 INFO  : 'ps7_post_config' command is executed.
17:00:31 INFO  : Context for processor 'ps7_cortexa9_0' is selected.
17:00:31 INFO  : Processor reset is completed for 'ps7_cortexa9_0'.
17:00:31 INFO  : Context for processor 'ps7_cortexa9_0' is selected.
17:00:32 INFO  : The application '/home/guy/Documents/NetBarry/NetBarry/NetBarry/NetBarry.sdk/NetBarry_HelloWorld/Debug/NetBarry_HelloWorld.elf' is downloaded to processor 'ps7_cortexa9_0'.
17:00:32 INFO  : 'configparams force-mem-access 0' command is executed.
17:00:32 INFO  : ----------------XSDB Script----------------
connect -url tcp:127.0.0.1:3121
source /home/guy/Documents/NetBarry/NetBarry/NetBarry/NetBarry.sdk/netbarry_fpga_wrapper_hw_platform_0/ps7_init.tcl
targets -set -nocase -filter {name =~"APU*" && jtag_cable_name =~ "Digilent Zed 210248AA3B09"} -index 0
loadhw -hw /home/guy/Documents/NetBarry/NetBarry/NetBarry/NetBarry.sdk/netbarry_fpga_wrapper_hw_platform_0/system.hdf -mem-ranges [list {0x40000000 0xbfffffff}]
configparams force-mem-access 1
targets -set -nocase -filter {name =~"APU*" && jtag_cable_name =~ "Digilent Zed 210248AA3B09"} -index 0
stop
ps7_init
ps7_post_config
targets -set -nocase -filter {name =~ "ARM*#0" && jtag_cable_name =~ "Digilent Zed 210248AA3B09"} -index 0
rst -processor
targets -set -nocase -filter {name =~ "ARM*#0" && jtag_cable_name =~ "Digilent Zed 210248AA3B09"} -index 0
dow /home/guy/Documents/NetBarry/NetBarry/NetBarry/NetBarry.sdk/NetBarry_HelloWorld/Debug/NetBarry_HelloWorld.elf
configparams force-mem-access 0
----------------End of Script----------------

17:00:32 INFO  : Context for processor 'ps7_cortexa9_0' is selected.
17:00:32 INFO  : 'con' command is executed.
17:00:32 INFO  : ----------------XSDB Script (After Launch)----------------
targets -set -nocase -filter {name =~ "ARM*#0" && jtag_cable_name =~ "Digilent Zed 210248AA3B09"} -index 0
con
----------------End of Script----------------

17:00:32 INFO  : Disconnected from the channel tcfchan#7.
17:00:58 INFO  : 'targets -set -filter {jtag_cable_name =~ "Digilent Zed 210248AA3B09" && level==0} -index 1' command is executed.
17:00:58 INFO  : 'fpga -state' command is executed.
17:00:58 INFO  : Connected to target on host '127.0.0.1' and port '3121'.
17:00:58 INFO  : Jtag cable 'Digilent Zed 210248AA3B09' is selected.
17:00:58 INFO  : 'jtag frequency' command is executed.
17:00:58 INFO  : Sourcing of '/home/guy/Documents/NetBarry/NetBarry/NetBarry/NetBarry.sdk/netbarry_fpga_wrapper_hw_platform_0/ps7_init.tcl' is done.
17:00:58 INFO  : Context for 'APU' is selected.
17:00:58 INFO  : Hardware design information is loaded from '/home/guy/Documents/NetBarry/NetBarry/NetBarry/NetBarry.sdk/netbarry_fpga_wrapper_hw_platform_0/system.hdf'.
17:00:58 INFO  : 'configparams force-mem-access 1' command is executed.
17:00:58 INFO  : Context for 'APU' is selected.
17:00:59 INFO  : 'stop' command is executed.
17:00:59 INFO  : 'ps7_init' command is executed.
17:00:59 INFO  : 'ps7_post_config' command is executed.
17:00:59 INFO  : Context for processor 'ps7_cortexa9_0' is selected.
17:00:59 INFO  : Processor reset is completed for 'ps7_cortexa9_0'.
17:00:59 INFO  : Context for processor 'ps7_cortexa9_0' is selected.
17:00:59 INFO  : The application '/home/guy/Documents/NetBarry/NetBarry/NetBarry/NetBarry.sdk/NetBarry_HelloWorld/Debug/NetBarry_HelloWorld.elf' is downloaded to processor 'ps7_cortexa9_0'.
17:00:59 INFO  : 'configparams force-mem-access 0' command is executed.
17:00:59 INFO  : ----------------XSDB Script----------------
connect -url tcp:127.0.0.1:3121
source /home/guy/Documents/NetBarry/NetBarry/NetBarry/NetBarry.sdk/netbarry_fpga_wrapper_hw_platform_0/ps7_init.tcl
targets -set -nocase -filter {name =~"APU*" && jtag_cable_name =~ "Digilent Zed 210248AA3B09"} -index 0
loadhw -hw /home/guy/Documents/NetBarry/NetBarry/NetBarry/NetBarry.sdk/netbarry_fpga_wrapper_hw_platform_0/system.hdf -mem-ranges [list {0x40000000 0xbfffffff}]
configparams force-mem-access 1
targets -set -nocase -filter {name =~"APU*" && jtag_cable_name =~ "Digilent Zed 210248AA3B09"} -index 0
stop
ps7_init
ps7_post_config
targets -set -nocase -filter {name =~ "ARM*#0" && jtag_cable_name =~ "Digilent Zed 210248AA3B09"} -index 0
rst -processor
targets -set -nocase -filter {name =~ "ARM*#0" && jtag_cable_name =~ "Digilent Zed 210248AA3B09"} -index 0
dow /home/guy/Documents/NetBarry/NetBarry/NetBarry/NetBarry.sdk/NetBarry_HelloWorld/Debug/NetBarry_HelloWorld.elf
configparams force-mem-access 0
----------------End of Script----------------

17:00:59 INFO  : Context for processor 'ps7_cortexa9_0' is selected.
17:00:59 INFO  : 'con' command is executed.
17:00:59 INFO  : ----------------XSDB Script (After Launch)----------------
targets -set -nocase -filter {name =~ "ARM*#0" && jtag_cable_name =~ "Digilent Zed 210248AA3B09"} -index 0
con
----------------End of Script----------------

17:00:59 INFO  : Disconnected from the channel tcfchan#8.
17:01:36 INFO  : 'targets -set -filter {jtag_cable_name =~ "Digilent Zed 210248AA3B09" && level==0} -index 1' command is executed.
17:01:36 INFO  : 'fpga -state' command is executed.
17:01:36 INFO  : Connected to target on host '127.0.0.1' and port '3121'.
17:01:36 INFO  : Jtag cable 'Digilent Zed 210248AA3B09' is selected.
17:01:36 INFO  : 'jtag frequency' command is executed.
17:01:36 INFO  : Sourcing of '/home/guy/Documents/NetBarry/NetBarry/NetBarry/NetBarry.sdk/netbarry_fpga_wrapper_hw_platform_0/ps7_init.tcl' is done.
17:01:36 INFO  : Context for 'APU' is selected.
17:01:36 INFO  : Hardware design information is loaded from '/home/guy/Documents/NetBarry/NetBarry/NetBarry/NetBarry.sdk/netbarry_fpga_wrapper_hw_platform_0/system.hdf'.
17:01:36 INFO  : 'configparams force-mem-access 1' command is executed.
17:01:36 INFO  : Context for 'APU' is selected.
17:01:36 INFO  : 'stop' command is executed.
17:01:36 INFO  : 'ps7_init' command is executed.
17:01:36 INFO  : 'ps7_post_config' command is executed.
17:01:36 INFO  : Context for processor 'ps7_cortexa9_0' is selected.
17:01:36 INFO  : Processor reset is completed for 'ps7_cortexa9_0'.
17:01:36 INFO  : Context for processor 'ps7_cortexa9_0' is selected.
17:01:37 INFO  : The application '/home/guy/Documents/NetBarry/NetBarry/NetBarry/NetBarry.sdk/NetBarry_HelloWorld/Debug/NetBarry_HelloWorld.elf' is downloaded to processor 'ps7_cortexa9_0'.
17:01:37 INFO  : 'configparams force-mem-access 0' command is executed.
17:01:37 INFO  : ----------------XSDB Script----------------
connect -url tcp:127.0.0.1:3121
source /home/guy/Documents/NetBarry/NetBarry/NetBarry/NetBarry.sdk/netbarry_fpga_wrapper_hw_platform_0/ps7_init.tcl
targets -set -nocase -filter {name =~"APU*" && jtag_cable_name =~ "Digilent Zed 210248AA3B09"} -index 0
loadhw -hw /home/guy/Documents/NetBarry/NetBarry/NetBarry/NetBarry.sdk/netbarry_fpga_wrapper_hw_platform_0/system.hdf -mem-ranges [list {0x40000000 0xbfffffff}]
configparams force-mem-access 1
targets -set -nocase -filter {name =~"APU*" && jtag_cable_name =~ "Digilent Zed 210248AA3B09"} -index 0
stop
ps7_init
ps7_post_config
targets -set -nocase -filter {name =~ "ARM*#0" && jtag_cable_name =~ "Digilent Zed 210248AA3B09"} -index 0
rst -processor
targets -set -nocase -filter {name =~ "ARM*#0" && jtag_cable_name =~ "Digilent Zed 210248AA3B09"} -index 0
dow /home/guy/Documents/NetBarry/NetBarry/NetBarry/NetBarry.sdk/NetBarry_HelloWorld/Debug/NetBarry_HelloWorld.elf
configparams force-mem-access 0
----------------End of Script----------------

17:01:37 INFO  : Context for processor 'ps7_cortexa9_0' is selected.
17:01:37 INFO  : 'con' command is executed.
17:01:37 INFO  : ----------------XSDB Script (After Launch)----------------
targets -set -nocase -filter {name =~ "ARM*#0" && jtag_cable_name =~ "Digilent Zed 210248AA3B09"} -index 0
con
----------------End of Script----------------

17:01:37 INFO  : Disconnected from the channel tcfchan#9.
17:02:02 INFO  : 'targets -set -filter {jtag_cable_name =~ "Digilent Zed 210248AA3B09" && level==0} -index 1' command is executed.
17:02:02 INFO  : 'fpga -state' command is executed.
17:02:02 INFO  : Connected to target on host '127.0.0.1' and port '3121'.
17:02:02 INFO  : Jtag cable 'Digilent Zed 210248AA3B09' is selected.
17:02:02 INFO  : 'jtag frequency' command is executed.
17:02:02 INFO  : Sourcing of '/home/guy/Documents/NetBarry/NetBarry/NetBarry/NetBarry.sdk/netbarry_fpga_wrapper_hw_platform_0/ps7_init.tcl' is done.
17:02:02 INFO  : Context for 'APU' is selected.
17:02:02 INFO  : Hardware design information is loaded from '/home/guy/Documents/NetBarry/NetBarry/NetBarry/NetBarry.sdk/netbarry_fpga_wrapper_hw_platform_0/system.hdf'.
17:02:02 INFO  : 'configparams force-mem-access 1' command is executed.
17:02:02 INFO  : Context for 'APU' is selected.
17:02:02 INFO  : 'stop' command is executed.
17:02:02 INFO  : 'ps7_init' command is executed.
17:02:02 INFO  : 'ps7_post_config' command is executed.
17:02:02 INFO  : Context for processor 'ps7_cortexa9_0' is selected.
17:02:02 INFO  : Processor reset is completed for 'ps7_cortexa9_0'.
17:02:02 INFO  : Context for processor 'ps7_cortexa9_0' is selected.
17:02:02 INFO  : The application '/home/guy/Documents/NetBarry/NetBarry/NetBarry/NetBarry.sdk/NetBarry_HelloWorld/Debug/NetBarry_HelloWorld.elf' is downloaded to processor 'ps7_cortexa9_0'.
17:02:02 INFO  : 'configparams force-mem-access 0' command is executed.
17:02:02 INFO  : ----------------XSDB Script----------------
connect -url tcp:127.0.0.1:3121
source /home/guy/Documents/NetBarry/NetBarry/NetBarry/NetBarry.sdk/netbarry_fpga_wrapper_hw_platform_0/ps7_init.tcl
targets -set -nocase -filter {name =~"APU*" && jtag_cable_name =~ "Digilent Zed 210248AA3B09"} -index 0
loadhw -hw /home/guy/Documents/NetBarry/NetBarry/NetBarry/NetBarry.sdk/netbarry_fpga_wrapper_hw_platform_0/system.hdf -mem-ranges [list {0x40000000 0xbfffffff}]
configparams force-mem-access 1
targets -set -nocase -filter {name =~"APU*" && jtag_cable_name =~ "Digilent Zed 210248AA3B09"} -index 0
stop
ps7_init
ps7_post_config
targets -set -nocase -filter {name =~ "ARM*#0" && jtag_cable_name =~ "Digilent Zed 210248AA3B09"} -index 0
rst -processor
targets -set -nocase -filter {name =~ "ARM*#0" && jtag_cable_name =~ "Digilent Zed 210248AA3B09"} -index 0
dow /home/guy/Documents/NetBarry/NetBarry/NetBarry/NetBarry.sdk/NetBarry_HelloWorld/Debug/NetBarry_HelloWorld.elf
configparams force-mem-access 0
----------------End of Script----------------

17:02:02 INFO  : Context for processor 'ps7_cortexa9_0' is selected.
17:02:02 INFO  : 'con' command is executed.
17:02:02 INFO  : ----------------XSDB Script (After Launch)----------------
targets -set -nocase -filter {name =~ "ARM*#0" && jtag_cable_name =~ "Digilent Zed 210248AA3B09"} -index 0
con
----------------End of Script----------------

17:02:02 INFO  : Disconnected from the channel tcfchan#10.
17:02:23 INFO  : 'targets -set -filter {jtag_cable_name =~ "Digilent Zed 210248AA3B09" && level==0} -index 1' command is executed.
17:02:23 INFO  : 'fpga -state' command is executed.
17:02:23 INFO  : Connected to target on host '127.0.0.1' and port '3121'.
17:02:24 INFO  : Jtag cable 'Digilent Zed 210248AA3B09' is selected.
17:02:24 INFO  : 'jtag frequency' command is executed.
17:02:24 INFO  : Sourcing of '/home/guy/Documents/NetBarry/NetBarry/NetBarry/NetBarry.sdk/netbarry_fpga_wrapper_hw_platform_0/ps7_init.tcl' is done.
17:02:24 INFO  : Context for 'APU' is selected.
17:02:24 INFO  : Hardware design information is loaded from '/home/guy/Documents/NetBarry/NetBarry/NetBarry/NetBarry.sdk/netbarry_fpga_wrapper_hw_platform_0/system.hdf'.
17:02:24 INFO  : 'configparams force-mem-access 1' command is executed.
17:02:24 INFO  : Context for 'APU' is selected.
17:02:24 INFO  : 'stop' command is executed.
17:02:24 INFO  : 'ps7_init' command is executed.
17:02:24 INFO  : 'ps7_post_config' command is executed.
17:02:24 INFO  : Context for processor 'ps7_cortexa9_0' is selected.
17:02:24 INFO  : Processor reset is completed for 'ps7_cortexa9_0'.
17:02:24 INFO  : Context for processor 'ps7_cortexa9_0' is selected.
17:02:24 INFO  : The application '/home/guy/Documents/NetBarry/NetBarry/NetBarry/NetBarry.sdk/NetBarry_HelloWorld/Debug/NetBarry_HelloWorld.elf' is downloaded to processor 'ps7_cortexa9_0'.
17:02:25 INFO  : 'configparams force-mem-access 0' command is executed.
17:02:25 INFO  : ----------------XSDB Script----------------
connect -url tcp:127.0.0.1:3121
source /home/guy/Documents/NetBarry/NetBarry/NetBarry/NetBarry.sdk/netbarry_fpga_wrapper_hw_platform_0/ps7_init.tcl
targets -set -nocase -filter {name =~"APU*" && jtag_cable_name =~ "Digilent Zed 210248AA3B09"} -index 0
loadhw -hw /home/guy/Documents/NetBarry/NetBarry/NetBarry/NetBarry.sdk/netbarry_fpga_wrapper_hw_platform_0/system.hdf -mem-ranges [list {0x40000000 0xbfffffff}]
configparams force-mem-access 1
targets -set -nocase -filter {name =~"APU*" && jtag_cable_name =~ "Digilent Zed 210248AA3B09"} -index 0
stop
ps7_init
ps7_post_config
targets -set -nocase -filter {name =~ "ARM*#0" && jtag_cable_name =~ "Digilent Zed 210248AA3B09"} -index 0
rst -processor
targets -set -nocase -filter {name =~ "ARM*#0" && jtag_cable_name =~ "Digilent Zed 210248AA3B09"} -index 0
dow /home/guy/Documents/NetBarry/NetBarry/NetBarry/NetBarry.sdk/NetBarry_HelloWorld/Debug/NetBarry_HelloWorld.elf
configparams force-mem-access 0
----------------End of Script----------------

17:02:25 INFO  : Context for processor 'ps7_cortexa9_0' is selected.
17:02:25 INFO  : 'con' command is executed.
17:02:25 INFO  : ----------------XSDB Script (After Launch)----------------
targets -set -nocase -filter {name =~ "ARM*#0" && jtag_cable_name =~ "Digilent Zed 210248AA3B09"} -index 0
con
----------------End of Script----------------

17:02:25 INFO  : Disconnected from the channel tcfchan#11.
17:02:50 INFO  : 'targets -set -filter {jtag_cable_name =~ "Digilent Zed 210248AA3B09" && level==0} -index 1' command is executed.
17:02:50 INFO  : 'fpga -state' command is executed.
17:02:50 INFO  : Connected to target on host '127.0.0.1' and port '3121'.
17:02:50 INFO  : Jtag cable 'Digilent Zed 210248AA3B09' is selected.
17:02:50 INFO  : 'jtag frequency' command is executed.
17:02:50 INFO  : Sourcing of '/home/guy/Documents/NetBarry/NetBarry/NetBarry/NetBarry.sdk/netbarry_fpga_wrapper_hw_platform_0/ps7_init.tcl' is done.
17:02:50 INFO  : Context for 'APU' is selected.
17:02:50 INFO  : Hardware design information is loaded from '/home/guy/Documents/NetBarry/NetBarry/NetBarry/NetBarry.sdk/netbarry_fpga_wrapper_hw_platform_0/system.hdf'.
17:02:50 INFO  : 'configparams force-mem-access 1' command is executed.
17:02:50 INFO  : Context for 'APU' is selected.
17:02:50 INFO  : 'stop' command is executed.
17:02:51 INFO  : 'ps7_init' command is executed.
17:02:51 INFO  : 'ps7_post_config' command is executed.
17:02:51 INFO  : Context for processor 'ps7_cortexa9_0' is selected.
17:02:51 INFO  : Processor reset is completed for 'ps7_cortexa9_0'.
17:02:51 INFO  : Context for processor 'ps7_cortexa9_0' is selected.
17:02:51 INFO  : The application '/home/guy/Documents/NetBarry/NetBarry/NetBarry/NetBarry.sdk/NetBarry_HelloWorld/Debug/NetBarry_HelloWorld.elf' is downloaded to processor 'ps7_cortexa9_0'.
17:02:51 INFO  : 'configparams force-mem-access 0' command is executed.
17:02:51 INFO  : ----------------XSDB Script----------------
connect -url tcp:127.0.0.1:3121
source /home/guy/Documents/NetBarry/NetBarry/NetBarry/NetBarry.sdk/netbarry_fpga_wrapper_hw_platform_0/ps7_init.tcl
targets -set -nocase -filter {name =~"APU*" && jtag_cable_name =~ "Digilent Zed 210248AA3B09"} -index 0
loadhw -hw /home/guy/Documents/NetBarry/NetBarry/NetBarry/NetBarry.sdk/netbarry_fpga_wrapper_hw_platform_0/system.hdf -mem-ranges [list {0x40000000 0xbfffffff}]
configparams force-mem-access 1
targets -set -nocase -filter {name =~"APU*" && jtag_cable_name =~ "Digilent Zed 210248AA3B09"} -index 0
stop
ps7_init
ps7_post_config
targets -set -nocase -filter {name =~ "ARM*#0" && jtag_cable_name =~ "Digilent Zed 210248AA3B09"} -index 0
rst -processor
targets -set -nocase -filter {name =~ "ARM*#0" && jtag_cable_name =~ "Digilent Zed 210248AA3B09"} -index 0
dow /home/guy/Documents/NetBarry/NetBarry/NetBarry/NetBarry.sdk/NetBarry_HelloWorld/Debug/NetBarry_HelloWorld.elf
configparams force-mem-access 0
----------------End of Script----------------

17:02:51 INFO  : Context for processor 'ps7_cortexa9_0' is selected.
17:02:51 INFO  : 'con' command is executed.
17:02:51 INFO  : ----------------XSDB Script (After Launch)----------------
targets -set -nocase -filter {name =~ "ARM*#0" && jtag_cable_name =~ "Digilent Zed 210248AA3B09"} -index 0
con
----------------End of Script----------------

17:02:51 INFO  : Disconnected from the channel tcfchan#12.
17:03:41 INFO  : 'targets -set -filter {jtag_cable_name =~ "Digilent Zed 210248AA3B09" && level==0} -index 1' command is executed.
17:03:41 INFO  : 'fpga -state' command is executed.
17:03:41 INFO  : Connected to target on host '127.0.0.1' and port '3121'.
17:03:41 INFO  : Jtag cable 'Digilent Zed 210248AA3B09' is selected.
17:03:41 INFO  : 'jtag frequency' command is executed.
17:03:41 INFO  : Sourcing of '/home/guy/Documents/NetBarry/NetBarry/NetBarry/NetBarry.sdk/netbarry_fpga_wrapper_hw_platform_0/ps7_init.tcl' is done.
17:03:41 INFO  : Context for 'APU' is selected.
17:03:41 INFO  : Hardware design information is loaded from '/home/guy/Documents/NetBarry/NetBarry/NetBarry/NetBarry.sdk/netbarry_fpga_wrapper_hw_platform_0/system.hdf'.
17:03:41 INFO  : 'configparams force-mem-access 1' command is executed.
17:03:41 INFO  : Context for 'APU' is selected.
17:03:41 INFO  : 'stop' command is executed.
17:03:42 INFO  : 'ps7_init' command is executed.
17:03:42 INFO  : 'ps7_post_config' command is executed.
17:03:42 INFO  : Context for processor 'ps7_cortexa9_0' is selected.
17:03:42 INFO  : Processor reset is completed for 'ps7_cortexa9_0'.
17:03:42 INFO  : Context for processor 'ps7_cortexa9_0' is selected.
17:03:42 INFO  : The application '/home/guy/Documents/NetBarry/NetBarry/NetBarry/NetBarry.sdk/NetBarry_HelloWorld/Debug/NetBarry_HelloWorld.elf' is downloaded to processor 'ps7_cortexa9_0'.
17:03:42 INFO  : 'configparams force-mem-access 0' command is executed.
17:03:42 INFO  : ----------------XSDB Script----------------
connect -url tcp:127.0.0.1:3121
source /home/guy/Documents/NetBarry/NetBarry/NetBarry/NetBarry.sdk/netbarry_fpga_wrapper_hw_platform_0/ps7_init.tcl
targets -set -nocase -filter {name =~"APU*" && jtag_cable_name =~ "Digilent Zed 210248AA3B09"} -index 0
loadhw -hw /home/guy/Documents/NetBarry/NetBarry/NetBarry/NetBarry.sdk/netbarry_fpga_wrapper_hw_platform_0/system.hdf -mem-ranges [list {0x40000000 0xbfffffff}]
configparams force-mem-access 1
targets -set -nocase -filter {name =~"APU*" && jtag_cable_name =~ "Digilent Zed 210248AA3B09"} -index 0
stop
ps7_init
ps7_post_config
targets -set -nocase -filter {name =~ "ARM*#0" && jtag_cable_name =~ "Digilent Zed 210248AA3B09"} -index 0
rst -processor
targets -set -nocase -filter {name =~ "ARM*#0" && jtag_cable_name =~ "Digilent Zed 210248AA3B09"} -index 0
dow /home/guy/Documents/NetBarry/NetBarry/NetBarry/NetBarry.sdk/NetBarry_HelloWorld/Debug/NetBarry_HelloWorld.elf
configparams force-mem-access 0
----------------End of Script----------------

17:03:42 INFO  : Context for processor 'ps7_cortexa9_0' is selected.
17:03:42 INFO  : 'con' command is executed.
17:03:42 INFO  : ----------------XSDB Script (After Launch)----------------
targets -set -nocase -filter {name =~ "ARM*#0" && jtag_cable_name =~ "Digilent Zed 210248AA3B09"} -index 0
con
----------------End of Script----------------

17:03:42 INFO  : Disconnected from the channel tcfchan#13.
17:03:59 INFO  : 'targets -set -filter {jtag_cable_name =~ "Digilent Zed 210248AA3B09" && level==0} -index 1' command is executed.
17:03:59 INFO  : 'fpga -state' command is executed.
17:03:59 INFO  : Connected to target on host '127.0.0.1' and port '3121'.
17:03:59 INFO  : Jtag cable 'Digilent Zed 210248AA3B09' is selected.
17:03:59 INFO  : 'jtag frequency' command is executed.
17:03:59 INFO  : Sourcing of '/home/guy/Documents/NetBarry/NetBarry/NetBarry/NetBarry.sdk/netbarry_fpga_wrapper_hw_platform_0/ps7_init.tcl' is done.
17:03:59 INFO  : Context for 'APU' is selected.
17:03:59 INFO  : Hardware design information is loaded from '/home/guy/Documents/NetBarry/NetBarry/NetBarry/NetBarry.sdk/netbarry_fpga_wrapper_hw_platform_0/system.hdf'.
17:03:59 INFO  : 'configparams force-mem-access 1' command is executed.
17:03:59 INFO  : Context for 'APU' is selected.
17:03:59 INFO  : 'stop' command is executed.
17:03:59 INFO  : 'ps7_init' command is executed.
17:03:59 INFO  : 'ps7_post_config' command is executed.
17:03:59 INFO  : Context for processor 'ps7_cortexa9_0' is selected.
17:04:00 INFO  : Processor reset is completed for 'ps7_cortexa9_0'.
17:04:00 INFO  : Context for processor 'ps7_cortexa9_0' is selected.
17:04:00 INFO  : The application '/home/guy/Documents/NetBarry/NetBarry/NetBarry/NetBarry.sdk/NetBarry_HelloWorld/Debug/NetBarry_HelloWorld.elf' is downloaded to processor 'ps7_cortexa9_0'.
17:04:00 INFO  : 'configparams force-mem-access 0' command is executed.
17:04:00 INFO  : ----------------XSDB Script----------------
connect -url tcp:127.0.0.1:3121
source /home/guy/Documents/NetBarry/NetBarry/NetBarry/NetBarry.sdk/netbarry_fpga_wrapper_hw_platform_0/ps7_init.tcl
targets -set -nocase -filter {name =~"APU*" && jtag_cable_name =~ "Digilent Zed 210248AA3B09"} -index 0
loadhw -hw /home/guy/Documents/NetBarry/NetBarry/NetBarry/NetBarry.sdk/netbarry_fpga_wrapper_hw_platform_0/system.hdf -mem-ranges [list {0x40000000 0xbfffffff}]
configparams force-mem-access 1
targets -set -nocase -filter {name =~"APU*" && jtag_cable_name =~ "Digilent Zed 210248AA3B09"} -index 0
stop
ps7_init
ps7_post_config
targets -set -nocase -filter {name =~ "ARM*#0" && jtag_cable_name =~ "Digilent Zed 210248AA3B09"} -index 0
rst -processor
targets -set -nocase -filter {name =~ "ARM*#0" && jtag_cable_name =~ "Digilent Zed 210248AA3B09"} -index 0
dow /home/guy/Documents/NetBarry/NetBarry/NetBarry/NetBarry.sdk/NetBarry_HelloWorld/Debug/NetBarry_HelloWorld.elf
configparams force-mem-access 0
----------------End of Script----------------

17:04:00 INFO  : Context for processor 'ps7_cortexa9_0' is selected.
17:04:00 INFO  : 'con' command is executed.
17:04:00 INFO  : ----------------XSDB Script (After Launch)----------------
targets -set -nocase -filter {name =~ "ARM*#0" && jtag_cable_name =~ "Digilent Zed 210248AA3B09"} -index 0
con
----------------End of Script----------------

17:04:00 INFO  : Disconnected from the channel tcfchan#14.
17:04:54 INFO  : 'targets -set -filter {jtag_cable_name =~ "Digilent Zed 210248AA3B09" && level==0} -index 1' command is executed.
17:04:54 INFO  : 'fpga -state' command is executed.
17:04:54 INFO  : Connected to target on host '127.0.0.1' and port '3121'.
17:04:54 INFO  : Jtag cable 'Digilent Zed 210248AA3B09' is selected.
17:04:54 INFO  : 'jtag frequency' command is executed.
17:04:54 INFO  : Sourcing of '/home/guy/Documents/NetBarry/NetBarry/NetBarry/NetBarry.sdk/netbarry_fpga_wrapper_hw_platform_0/ps7_init.tcl' is done.
17:04:54 INFO  : Context for 'APU' is selected.
17:04:54 INFO  : Hardware design information is loaded from '/home/guy/Documents/NetBarry/NetBarry/NetBarry/NetBarry.sdk/netbarry_fpga_wrapper_hw_platform_0/system.hdf'.
17:04:54 INFO  : 'configparams force-mem-access 1' command is executed.
17:04:54 INFO  : Context for 'APU' is selected.
17:04:55 INFO  : 'stop' command is executed.
17:04:55 INFO  : 'ps7_init' command is executed.
17:04:55 INFO  : 'ps7_post_config' command is executed.
17:04:55 INFO  : Context for processor 'ps7_cortexa9_0' is selected.
17:04:55 INFO  : Processor reset is completed for 'ps7_cortexa9_0'.
17:04:55 INFO  : Context for processor 'ps7_cortexa9_0' is selected.
17:04:55 INFO  : The application '/home/guy/Documents/NetBarry/NetBarry/NetBarry/NetBarry.sdk/NetBarry_HelloWorld/Debug/NetBarry_HelloWorld.elf' is downloaded to processor 'ps7_cortexa9_0'.
17:04:55 INFO  : 'configparams force-mem-access 0' command is executed.
17:04:55 INFO  : ----------------XSDB Script----------------
connect -url tcp:127.0.0.1:3121
source /home/guy/Documents/NetBarry/NetBarry/NetBarry/NetBarry.sdk/netbarry_fpga_wrapper_hw_platform_0/ps7_init.tcl
targets -set -nocase -filter {name =~"APU*" && jtag_cable_name =~ "Digilent Zed 210248AA3B09"} -index 0
loadhw -hw /home/guy/Documents/NetBarry/NetBarry/NetBarry/NetBarry.sdk/netbarry_fpga_wrapper_hw_platform_0/system.hdf -mem-ranges [list {0x40000000 0xbfffffff}]
configparams force-mem-access 1
targets -set -nocase -filter {name =~"APU*" && jtag_cable_name =~ "Digilent Zed 210248AA3B09"} -index 0
stop
ps7_init
ps7_post_config
targets -set -nocase -filter {name =~ "ARM*#0" && jtag_cable_name =~ "Digilent Zed 210248AA3B09"} -index 0
rst -processor
targets -set -nocase -filter {name =~ "ARM*#0" && jtag_cable_name =~ "Digilent Zed 210248AA3B09"} -index 0
dow /home/guy/Documents/NetBarry/NetBarry/NetBarry/NetBarry.sdk/NetBarry_HelloWorld/Debug/NetBarry_HelloWorld.elf
configparams force-mem-access 0
----------------End of Script----------------

17:04:55 INFO  : Context for processor 'ps7_cortexa9_0' is selected.
17:04:55 INFO  : 'con' command is executed.
17:04:55 INFO  : ----------------XSDB Script (After Launch)----------------
targets -set -nocase -filter {name =~ "ARM*#0" && jtag_cable_name =~ "Digilent Zed 210248AA3B09"} -index 0
con
----------------End of Script----------------

17:04:55 INFO  : Disconnected from the channel tcfchan#15.
17:19:28 INFO  : SDK has detected change in the last modified timestamps for source hardware specification file Source:1553465938000,  Project:1553463898000
17:19:28 INFO  : Project netbarry_fpga_wrapper_hw_platform_0's source hardware specification located at /home/guy/Documents/NetBarry/NetBarry/NetBarry/NetBarry.sdk/netbarry_fpga_wrapper.hdf is now different from the local copy.
		 The local copy will be replaced with the source specification and your workspace will be updated.
17:19:32 INFO  : Copied contents of /home/guy/Documents/NetBarry/NetBarry/NetBarry/NetBarry.sdk/netbarry_fpga_wrapper.hdf into /netbarry_fpga_wrapper_hw_platform_0/system.hdf.
17:19:34 INFO  : Synchronizing projects in the workspace with the hardware platform specification changes.
17:19:35 INFO  : 
17:19:35 INFO  : Updating hardware inferred compiler options for NetBarry_HelloWorld.
17:19:35 INFO  : Clearing existing target manager status.
17:19:35 INFO  : Closing and re-opening the MSS file of ther project NetBarry_HelloWorld_bsp
17:19:36 INFO  : Workspace synchronized with the new hardware specification file. Cleaning dependent projects...
17:19:36 WARN  : Linker script will not be updated automatically. Users need to update it manually.
17:19:49 INFO  : Connected to target on host '127.0.0.1' and port '3121'.
17:19:49 INFO  : 'targets -set -filter {jtag_cable_name =~ "Digilent Zed 210248AA3B09" && level==0} -index 1' command is executed.
17:19:51 INFO  : FPGA configured successfully with bitstream "/home/guy/Documents/NetBarry/NetBarry/NetBarry/NetBarry.sdk/netbarry_fpga_wrapper_hw_platform_0/netbarry_fpga_wrapper.bit"
17:20:01 INFO  : 'targets -set -filter {jtag_cable_name =~ "Digilent Zed 210248AA3B09" && level==0} -index 1' command is executed.
17:20:01 INFO  : 'fpga -state' command is executed.
17:20:01 INFO  : Connected to target on host '127.0.0.1' and port '3121'.
17:20:01 INFO  : Jtag cable 'Digilent Zed 210248AA3B09' is selected.
17:20:01 INFO  : 'jtag frequency' command is executed.
17:20:01 INFO  : Sourcing of '/home/guy/Documents/NetBarry/NetBarry/NetBarry/NetBarry.sdk/netbarry_fpga_wrapper_hw_platform_0/ps7_init.tcl' is done.
17:20:01 INFO  : Context for 'APU' is selected.
17:20:01 INFO  : Hardware design information is loaded from '/home/guy/Documents/NetBarry/NetBarry/NetBarry/NetBarry.sdk/netbarry_fpga_wrapper_hw_platform_0/system.hdf'.
17:20:01 INFO  : 'configparams force-mem-access 1' command is executed.
17:20:01 INFO  : Context for 'APU' is selected.
17:20:01 INFO  : 'stop' command is executed.
17:20:01 INFO  : 'ps7_init' command is executed.
17:20:01 INFO  : 'ps7_post_config' command is executed.
17:20:01 INFO  : Context for processor 'ps7_cortexa9_0' is selected.
17:20:01 INFO  : Processor reset is completed for 'ps7_cortexa9_0'.
17:20:01 INFO  : Context for processor 'ps7_cortexa9_0' is selected.
17:20:01 INFO  : The application '/home/guy/Documents/NetBarry/NetBarry/NetBarry/NetBarry.sdk/NetBarry_HelloWorld/Debug/NetBarry_HelloWorld.elf' is downloaded to processor 'ps7_cortexa9_0'.
17:20:01 INFO  : 'configparams force-mem-access 0' command is executed.
17:20:01 INFO  : ----------------XSDB Script----------------
connect -url tcp:127.0.0.1:3121
source /home/guy/Documents/NetBarry/NetBarry/NetBarry/NetBarry.sdk/netbarry_fpga_wrapper_hw_platform_0/ps7_init.tcl
targets -set -nocase -filter {name =~"APU*" && jtag_cable_name =~ "Digilent Zed 210248AA3B09"} -index 0
loadhw -hw /home/guy/Documents/NetBarry/NetBarry/NetBarry/NetBarry.sdk/netbarry_fpga_wrapper_hw_platform_0/system.hdf -mem-ranges [list {0x40000000 0xbfffffff}]
configparams force-mem-access 1
targets -set -nocase -filter {name =~"APU*" && jtag_cable_name =~ "Digilent Zed 210248AA3B09"} -index 0
stop
ps7_init
ps7_post_config
targets -set -nocase -filter {name =~ "ARM*#0" && jtag_cable_name =~ "Digilent Zed 210248AA3B09"} -index 0
rst -processor
targets -set -nocase -filter {name =~ "ARM*#0" && jtag_cable_name =~ "Digilent Zed 210248AA3B09"} -index 0
dow /home/guy/Documents/NetBarry/NetBarry/NetBarry/NetBarry.sdk/NetBarry_HelloWorld/Debug/NetBarry_HelloWorld.elf
configparams force-mem-access 0
----------------End of Script----------------

17:20:01 INFO  : Context for processor 'ps7_cortexa9_0' is selected.
17:20:01 INFO  : 'con' command is executed.
17:20:01 INFO  : ----------------XSDB Script (After Launch)----------------
targets -set -nocase -filter {name =~ "ARM*#0" && jtag_cable_name =~ "Digilent Zed 210248AA3B09"} -index 0
con
----------------End of Script----------------

17:20:01 INFO  : Disconnected from the channel tcfchan#16.
17:20:38 INFO  : 'targets -set -filter {jtag_cable_name =~ "Digilent Zed 210248AA3B09" && level==0} -index 1' command is executed.
17:20:38 INFO  : 'fpga -state' command is executed.
17:20:38 INFO  : Connected to target on host '127.0.0.1' and port '3121'.
17:20:39 INFO  : Jtag cable 'Digilent Zed 210248AA3B09' is selected.
17:20:39 INFO  : 'jtag frequency' command is executed.
17:20:39 INFO  : Sourcing of '/home/guy/Documents/NetBarry/NetBarry/NetBarry/NetBarry.sdk/netbarry_fpga_wrapper_hw_platform_0/ps7_init.tcl' is done.
17:20:39 INFO  : Context for 'APU' is selected.
17:20:39 INFO  : Hardware design information is loaded from '/home/guy/Documents/NetBarry/NetBarry/NetBarry/NetBarry.sdk/netbarry_fpga_wrapper_hw_platform_0/system.hdf'.
17:20:39 INFO  : 'configparams force-mem-access 1' command is executed.
17:20:39 INFO  : Context for 'APU' is selected.
17:20:39 INFO  : 'stop' command is executed.
17:20:39 INFO  : 'ps7_init' command is executed.
17:20:39 INFO  : 'ps7_post_config' command is executed.
17:20:39 INFO  : Context for processor 'ps7_cortexa9_0' is selected.
17:20:39 INFO  : Processor reset is completed for 'ps7_cortexa9_0'.
17:20:39 INFO  : Context for processor 'ps7_cortexa9_0' is selected.
17:20:39 INFO  : The application '/home/guy/Documents/NetBarry/NetBarry/NetBarry/NetBarry.sdk/NetBarry_HelloWorld/Debug/NetBarry_HelloWorld.elf' is downloaded to processor 'ps7_cortexa9_0'.
17:20:39 INFO  : 'configparams force-mem-access 0' command is executed.
17:20:39 INFO  : ----------------XSDB Script----------------
connect -url tcp:127.0.0.1:3121
source /home/guy/Documents/NetBarry/NetBarry/NetBarry/NetBarry.sdk/netbarry_fpga_wrapper_hw_platform_0/ps7_init.tcl
targets -set -nocase -filter {name =~"APU*" && jtag_cable_name =~ "Digilent Zed 210248AA3B09"} -index 0
loadhw -hw /home/guy/Documents/NetBarry/NetBarry/NetBarry/NetBarry.sdk/netbarry_fpga_wrapper_hw_platform_0/system.hdf -mem-ranges [list {0x40000000 0xbfffffff}]
configparams force-mem-access 1
targets -set -nocase -filter {name =~"APU*" && jtag_cable_name =~ "Digilent Zed 210248AA3B09"} -index 0
stop
ps7_init
ps7_post_config
targets -set -nocase -filter {name =~ "ARM*#0" && jtag_cable_name =~ "Digilent Zed 210248AA3B09"} -index 0
rst -processor
targets -set -nocase -filter {name =~ "ARM*#0" && jtag_cable_name =~ "Digilent Zed 210248AA3B09"} -index 0
dow /home/guy/Documents/NetBarry/NetBarry/NetBarry/NetBarry.sdk/NetBarry_HelloWorld/Debug/NetBarry_HelloWorld.elf
configparams force-mem-access 0
----------------End of Script----------------

17:20:39 INFO  : Context for processor 'ps7_cortexa9_0' is selected.
17:20:39 INFO  : 'con' command is executed.
17:20:39 INFO  : ----------------XSDB Script (After Launch)----------------
targets -set -nocase -filter {name =~ "ARM*#0" && jtag_cable_name =~ "Digilent Zed 210248AA3B09"} -index 0
con
----------------End of Script----------------

17:20:39 INFO  : Disconnected from the channel tcfchan#17.
17:21:25 INFO  : 'targets -set -filter {jtag_cable_name =~ "Digilent Zed 210248AA3B09" && level==0} -index 1' command is executed.
17:21:25 INFO  : 'fpga -state' command is executed.
17:21:25 INFO  : Connected to target on host '127.0.0.1' and port '3121'.
17:21:25 INFO  : Jtag cable 'Digilent Zed 210248AA3B09' is selected.
17:21:25 INFO  : 'jtag frequency' command is executed.
17:21:25 INFO  : Sourcing of '/home/guy/Documents/NetBarry/NetBarry/NetBarry/NetBarry.sdk/netbarry_fpga_wrapper_hw_platform_0/ps7_init.tcl' is done.
17:21:25 INFO  : Context for 'APU' is selected.
17:21:25 INFO  : Hardware design information is loaded from '/home/guy/Documents/NetBarry/NetBarry/NetBarry/NetBarry.sdk/netbarry_fpga_wrapper_hw_platform_0/system.hdf'.
17:21:25 INFO  : 'configparams force-mem-access 1' command is executed.
17:21:25 INFO  : Context for 'APU' is selected.
17:21:25 INFO  : 'stop' command is executed.
17:21:25 INFO  : 'ps7_init' command is executed.
17:21:25 INFO  : 'ps7_post_config' command is executed.
17:21:26 INFO  : Context for processor 'ps7_cortexa9_0' is selected.
17:21:26 INFO  : Processor reset is completed for 'ps7_cortexa9_0'.
17:21:26 INFO  : Context for processor 'ps7_cortexa9_0' is selected.
17:21:26 INFO  : The application '/home/guy/Documents/NetBarry/NetBarry/NetBarry/NetBarry.sdk/NetBarry_HelloWorld/Debug/NetBarry_HelloWorld.elf' is downloaded to processor 'ps7_cortexa9_0'.
17:21:26 INFO  : 'configparams force-mem-access 0' command is executed.
17:21:26 INFO  : ----------------XSDB Script----------------
connect -url tcp:127.0.0.1:3121
source /home/guy/Documents/NetBarry/NetBarry/NetBarry/NetBarry.sdk/netbarry_fpga_wrapper_hw_platform_0/ps7_init.tcl
targets -set -nocase -filter {name =~"APU*" && jtag_cable_name =~ "Digilent Zed 210248AA3B09"} -index 0
loadhw -hw /home/guy/Documents/NetBarry/NetBarry/NetBarry/NetBarry.sdk/netbarry_fpga_wrapper_hw_platform_0/system.hdf -mem-ranges [list {0x40000000 0xbfffffff}]
configparams force-mem-access 1
targets -set -nocase -filter {name =~"APU*" && jtag_cable_name =~ "Digilent Zed 210248AA3B09"} -index 0
stop
ps7_init
ps7_post_config
targets -set -nocase -filter {name =~ "ARM*#0" && jtag_cable_name =~ "Digilent Zed 210248AA3B09"} -index 0
rst -processor
targets -set -nocase -filter {name =~ "ARM*#0" && jtag_cable_name =~ "Digilent Zed 210248AA3B09"} -index 0
dow /home/guy/Documents/NetBarry/NetBarry/NetBarry/NetBarry.sdk/NetBarry_HelloWorld/Debug/NetBarry_HelloWorld.elf
configparams force-mem-access 0
----------------End of Script----------------

17:21:26 INFO  : Context for processor 'ps7_cortexa9_0' is selected.
17:21:26 INFO  : 'con' command is executed.
17:21:26 INFO  : ----------------XSDB Script (After Launch)----------------
targets -set -nocase -filter {name =~ "ARM*#0" && jtag_cable_name =~ "Digilent Zed 210248AA3B09"} -index 0
con
----------------End of Script----------------

17:21:26 INFO  : Disconnected from the channel tcfchan#18.
17:21:36 INFO  : 'targets -set -filter {jtag_cable_name =~ "Digilent Zed 210248AA3B09" && level==0} -index 1' command is executed.
17:21:36 INFO  : 'fpga -state' command is executed.
17:21:36 INFO  : Connected to target on host '127.0.0.1' and port '3121'.
17:21:37 INFO  : Jtag cable 'Digilent Zed 210248AA3B09' is selected.
17:21:37 INFO  : 'jtag frequency' command is executed.
17:21:37 INFO  : Sourcing of '/home/guy/Documents/NetBarry/NetBarry/NetBarry/NetBarry.sdk/netbarry_fpga_wrapper_hw_platform_0/ps7_init.tcl' is done.
17:21:37 INFO  : Context for 'APU' is selected.
17:21:37 INFO  : Hardware design information is loaded from '/home/guy/Documents/NetBarry/NetBarry/NetBarry/NetBarry.sdk/netbarry_fpga_wrapper_hw_platform_0/system.hdf'.
17:21:37 INFO  : 'configparams force-mem-access 1' command is executed.
17:21:37 INFO  : Context for 'APU' is selected.
17:21:37 INFO  : 'stop' command is executed.
17:21:37 INFO  : 'ps7_init' command is executed.
17:21:37 INFO  : 'ps7_post_config' command is executed.
17:21:37 INFO  : Context for processor 'ps7_cortexa9_0' is selected.
17:21:37 INFO  : Processor reset is completed for 'ps7_cortexa9_0'.
17:21:37 INFO  : Context for processor 'ps7_cortexa9_0' is selected.
17:21:37 INFO  : The application '/home/guy/Documents/NetBarry/NetBarry/NetBarry/NetBarry.sdk/NetBarry_HelloWorld/Debug/NetBarry_HelloWorld.elf' is downloaded to processor 'ps7_cortexa9_0'.
17:21:37 INFO  : 'configparams force-mem-access 0' command is executed.
17:21:37 INFO  : ----------------XSDB Script----------------
connect -url tcp:127.0.0.1:3121
source /home/guy/Documents/NetBarry/NetBarry/NetBarry/NetBarry.sdk/netbarry_fpga_wrapper_hw_platform_0/ps7_init.tcl
targets -set -nocase -filter {name =~"APU*" && jtag_cable_name =~ "Digilent Zed 210248AA3B09"} -index 0
loadhw -hw /home/guy/Documents/NetBarry/NetBarry/NetBarry/NetBarry.sdk/netbarry_fpga_wrapper_hw_platform_0/system.hdf -mem-ranges [list {0x40000000 0xbfffffff}]
configparams force-mem-access 1
targets -set -nocase -filter {name =~"APU*" && jtag_cable_name =~ "Digilent Zed 210248AA3B09"} -index 0
stop
ps7_init
ps7_post_config
targets -set -nocase -filter {name =~ "ARM*#0" && jtag_cable_name =~ "Digilent Zed 210248AA3B09"} -index 0
rst -processor
targets -set -nocase -filter {name =~ "ARM*#0" && jtag_cable_name =~ "Digilent Zed 210248AA3B09"} -index 0
dow /home/guy/Documents/NetBarry/NetBarry/NetBarry/NetBarry.sdk/NetBarry_HelloWorld/Debug/NetBarry_HelloWorld.elf
configparams force-mem-access 0
----------------End of Script----------------

17:21:37 INFO  : Context for processor 'ps7_cortexa9_0' is selected.
17:21:37 INFO  : 'con' command is executed.
17:21:37 INFO  : ----------------XSDB Script (After Launch)----------------
targets -set -nocase -filter {name =~ "ARM*#0" && jtag_cable_name =~ "Digilent Zed 210248AA3B09"} -index 0
con
----------------End of Script----------------

17:21:37 INFO  : Disconnected from the channel tcfchan#19.
